2023-06-19 10:54:21,667:INFO:PyCaret Supervised Module
2023-06-19 10:54:21,668:INFO:ML Usecase: regression
2023-06-19 10:54:21,668:INFO:version 2.3.10
2023-06-19 10:54:21,668:INFO:Initializing setup()
2023-06-19 10:54:21,668:INFO:setup(target=µî¶ô·ü, ml_usecase=regression, available_plots={'parameter': 'Hyperparameters', 'residuals': 'Residuals', 'error': 'Prediction Error', 'cooks': 'Cooks Distance', 'rfe': 'Feature Selection', 'learning': 'Learning Curve', 'manifold': 'Manifold Learning', 'vc': 'Validation Curve', 'feature': 'Feature Importance', 'feature_all': 'Feature Importance (All)', 'tree': 'Decision Tree', 'residuals_interactive': 'Interactive Residuals'}, train_size=0.7, test_data=None, preprocess=True, imputation_type=simple, iterative_imputation_iters=5, categorical_features=None, categorical_imputation=constant, categorical_iterative_imputer=lightgbm, ordinal_features=None, high_cardinality_features=None, high_cardinality_method=frequency, numeric_features=None, numeric_imputation=mean, numeric_iterative_imputer=lightgbm, date_features=None, ignore_features=None, normalize=False, normalize_method=zscore, transformation=False, transformation_method=yeo-johnson, handle_unknown_categorical=True, unknown_categorical_method=least_frequent, pca=False, pca_method=linear, pca_components=None, ignore_low_variance=False, combine_rare_levels=False, rare_level_threshold=0.1, bin_numeric_features=None, remove_outliers=False, outliers_threshold=0.05, remove_multicollinearity=False, multicollinearity_threshold=0.9, remove_perfect_collinearity=True, create_clusters=False, cluster_iter=20, polynomial_features=False, polynomial_degree=2, trigonometry_features=False, polynomial_threshold=0.1, group_features=None, group_names=None, feature_selection=False, feature_selection_threshold=0.8, feature_selection_method=classic, feature_interaction=False, feature_ratio=False, interaction_threshold=0.01, fix_imbalance=False, fix_imbalance_method=None, transform_target=False, transform_target_method=box-cox, data_split_shuffle=True, data_split_stratify=False, fold_strategy=kfold, fold=10, fold_shuffle=False, fold_groups=None, n_jobs=-1, use_gpu=False, custom_pipeline=None, html=True, session_id=None, log_experiment=False, experiment_name=None, experiment_custom_tags=None, log_plots=False, log_profile=False, log_data=False, silent=True, verbose=True, profile=True, profile_kwargs=None, display=None)
2023-06-19 10:54:21,670:INFO:Checking environment
2023-06-19 10:54:21,670:INFO:python_version: 3.8.8
2023-06-19 10:54:21,670:INFO:python_build: ('tags/v3.8.8:024d805', 'Feb 19 2021 13:18:16')
2023-06-19 10:54:21,670:INFO:machine: AMD64
2023-06-19 10:54:21,670:INFO:platform: Windows-10-10.0.19041-SP0
2023-06-19 10:54:21,676:INFO:Memory: svmem(total=17091190784, available=5262643200, percent=69.2, used=11828547584, free=5262643200)
2023-06-19 10:54:21,676:INFO:Physical Core: 4
2023-06-19 10:54:21,677:INFO:Logical Core: 4
2023-06-19 10:54:21,677:INFO:Checking libraries
2023-06-19 10:54:21,677:INFO:pd==1.5.3
2023-06-19 10:54:21,677:INFO:numpy==1.24.3
2023-06-19 10:54:21,677:INFO:sklearn==1.2.2
2023-06-19 10:54:59,282:INFO:PyCaret Supervised Module
2023-06-19 10:54:59,282:INFO:ML Usecase: regression
2023-06-19 10:54:59,282:INFO:version 2.3.10
2023-06-19 10:54:59,282:INFO:Initializing setup()
2023-06-19 10:54:59,282:INFO:setup(target=µî¶ô·ü, ml_usecase=regression, available_plots={'parameter': 'Hyperparameters', 'residuals': 'Residuals', 'error': 'Prediction Error', 'cooks': 'Cooks Distance', 'rfe': 'Feature Selection', 'learning': 'Learning Curve', 'manifold': 'Manifold Learning', 'vc': 'Validation Curve', 'feature': 'Feature Importance', 'feature_all': 'Feature Importance (All)', 'tree': 'Decision Tree', 'residuals_interactive': 'Interactive Residuals'}, train_size=0.7, test_data=None, preprocess=True, imputation_type=simple, iterative_imputation_iters=5, categorical_features=None, categorical_imputation=constant, categorical_iterative_imputer=lightgbm, ordinal_features=None, high_cardinality_features=None, high_cardinality_method=frequency, numeric_features=None, numeric_imputation=mean, numeric_iterative_imputer=lightgbm, date_features=None, ignore_features=None, normalize=False, normalize_method=zscore, transformation=False, transformation_method=yeo-johnson, handle_unknown_categorical=True, unknown_categorical_method=least_frequent, pca=False, pca_method=linear, pca_components=None, ignore_low_variance=False, combine_rare_levels=False, rare_level_threshold=0.1, bin_numeric_features=None, remove_outliers=False, outliers_threshold=0.05, remove_multicollinearity=False, multicollinearity_threshold=0.9, remove_perfect_collinearity=True, create_clusters=False, cluster_iter=20, polynomial_features=False, polynomial_degree=2, trigonometry_features=False, polynomial_threshold=0.1, group_features=None, group_names=None, feature_selection=False, feature_selection_threshold=0.8, feature_selection_method=classic, feature_interaction=False, feature_ratio=False, interaction_threshold=0.01, fix_imbalance=False, fix_imbalance_method=None, transform_target=False, transform_target_method=box-cox, data_split_shuffle=True, data_split_stratify=False, fold_strategy=kfold, fold=10, fold_shuffle=False, fold_groups=None, n_jobs=-1, use_gpu=False, custom_pipeline=None, html=True, session_id=None, log_experiment=False, experiment_name=None, experiment_custom_tags=None, log_plots=False, log_profile=False, log_data=False, silent=True, verbose=True, profile=False, profile_kwargs=None, display=None)
2023-06-19 10:54:59,282:INFO:Checking environment
2023-06-19 10:54:59,283:INFO:python_version: 3.8.8
2023-06-19 10:54:59,283:INFO:python_build: ('tags/v3.8.8:024d805', 'Feb 19 2021 13:18:16')
2023-06-19 10:54:59,283:INFO:machine: AMD64
2023-06-19 10:54:59,283:INFO:platform: Windows-10-10.0.19041-SP0
2023-06-19 10:54:59,285:INFO:Memory: svmem(total=17091190784, available=5212315648, percent=69.5, used=11878875136, free=5212315648)
2023-06-19 10:54:59,285:INFO:Physical Core: 4
2023-06-19 10:54:59,285:INFO:Logical Core: 4
2023-06-19 10:54:59,285:INFO:Checking libraries
2023-06-19 10:54:59,285:INFO:pd==1.5.3
2023-06-19 10:54:59,285:INFO:numpy==1.24.3
2023-06-19 10:54:59,285:INFO:sklearn==1.2.2
2023-06-19 10:56:00,754:INFO:PyCaret Supervised Module
2023-06-19 10:56:00,754:INFO:ML Usecase: regression
2023-06-19 10:56:00,754:INFO:version 2.3.10
2023-06-19 10:56:00,754:INFO:Initializing setup()
2023-06-19 10:56:00,754:INFO:setup(target=µî¶ô·ü, ml_usecase=regression, available_plots={'parameter': 'Hyperparameters', 'residuals': 'Residuals', 'error': 'Prediction Error', 'cooks': 'Cooks Distance', 'rfe': 'Feature Selection', 'learning': 'Learning Curve', 'manifold': 'Manifold Learning', 'vc': 'Validation Curve', 'feature': 'Feature Importance', 'feature_all': 'Feature Importance (All)', 'tree': 'Decision Tree', 'residuals_interactive': 'Interactive Residuals'}, train_size=0.7, test_data=None, preprocess=True, imputation_type=simple, iterative_imputation_iters=5, categorical_features=None, categorical_imputation=constant, categorical_iterative_imputer=lightgbm, ordinal_features=None, high_cardinality_features=None, high_cardinality_method=frequency, numeric_features=None, numeric_imputation=mean, numeric_iterative_imputer=lightgbm, date_features=None, ignore_features=None, normalize=False, normalize_method=zscore, transformation=False, transformation_method=yeo-johnson, handle_unknown_categorical=True, unknown_categorical_method=least_frequent, pca=False, pca_method=linear, pca_components=None, ignore_low_variance=False, combine_rare_levels=False, rare_level_threshold=0.1, bin_numeric_features=None, remove_outliers=False, outliers_threshold=0.05, remove_multicollinearity=False, multicollinearity_threshold=0.9, remove_perfect_collinearity=True, create_clusters=False, cluster_iter=20, polynomial_features=False, polynomial_degree=2, trigonometry_features=False, polynomial_threshold=0.1, group_features=None, group_names=None, feature_selection=False, feature_selection_threshold=0.8, feature_selection_method=classic, feature_interaction=False, feature_ratio=False, interaction_threshold=0.01, fix_imbalance=False, fix_imbalance_method=None, transform_target=False, transform_target_method=box-cox, data_split_shuffle=True, data_split_stratify=False, fold_strategy=kfold, fold=10, fold_shuffle=False, fold_groups=None, n_jobs=-1, use_gpu=False, custom_pipeline=None, html=True, session_id=None, log_experiment=False, experiment_name=None, experiment_custom_tags=None, log_plots=False, log_profile=False, log_data=False, silent=False, verbose=True, profile=False, profile_kwargs=None, display=None)
2023-06-19 10:56:00,755:INFO:Checking environment
2023-06-19 10:56:00,755:INFO:python_version: 3.8.8
2023-06-19 10:56:00,755:INFO:python_build: ('tags/v3.8.8:024d805', 'Feb 19 2021 13:18:16')
2023-06-19 10:56:00,755:INFO:machine: AMD64
2023-06-19 10:56:00,755:INFO:platform: Windows-10-10.0.19041-SP0
2023-06-19 10:56:00,757:INFO:Memory: svmem(total=17091190784, available=5223559168, percent=69.4, used=11867631616, free=5223559168)
2023-06-19 10:56:00,757:INFO:Physical Core: 4
2023-06-19 10:56:00,757:INFO:Logical Core: 4
2023-06-19 10:56:00,757:INFO:Checking libraries
2023-06-19 10:56:00,757:INFO:pd==1.5.3
2023-06-19 10:56:00,757:INFO:numpy==1.24.3
2023-06-19 10:56:00,757:INFO:sklearn==1.2.2
